Сборка начата 29.09.2023 14:45:53.
Уровень детализации журнала: Normal.     1>Проект "D:\education\raboti\Labi\OPI\HelloWorld\lab3\lab3.vcxproj" в узле 2 (целевые объекты Build).
     1>PrepareForBuild:
         Создание каталога "x64\Debug\lab3.tlog\".
       InitializeBuildStatus:
         Создание "x64\Debug\lab3.tlog\unsuccessfulbuild", так как было задано "AlwaysCreate".
         Обращение к "x64\Debug\lab3.tlog\unsuccessfulbuild".
       ClCompile:
         C:\Program Files\Microsoft Visual Studio\2022\Community\VC\Tools\MSVC\14.37.32822\bin\HostX64\x64\CL.exe /c /ZI /JMC /nologo /W3 /WX- /diagnostics:column /sdl /Od /D _DEBUG /D _CONSOLE /D _UNICODE /D UNICODE /Gm- /EHsc /RTC1 /MDd /GS /fp:precise /Zc:wchar_t /Zc:forScope /Zc:inline /permissive- /Fo"x64\Debug\\" /Fd"x64\Debug\vc143.pdb" /external:W3 /Gd /TP /FC /errorReport:prompt lab3.cpp
         lab3.cpp
       Link:
         C:\Program Files\Microsoft Visual Studio\2022\Community\VC\Tools\MSVC\14.37.32822\bin\HostX64\x64\link.exe /ERRORREPORT:PROMPT /OUT:"D:\education\raboti\Labi\OPI\HelloWorld\x64\Debug\lab3.exe" /INCREMENTAL /ILK:"x64\Debug\lab3.ilk" /NOLOGO kernel32.lib user32.lib gdi32.lib winspool.lib comdlg32.lib advapi32.lib shell32.lib ole32.lib oleaut32.lib uuid.lib odbc32.lib odbccp32.lib /MANIFEST /MANIFESTUAC:"level='asInvoker' uiAccess='false'" /manifest:embed /DEBUG /PDB:"D:\education\raboti\Labi\OPI\HelloWorld\x64\Debug\lab3.pdb" /SUBSYSTEM:CONSOLE /TLBID:1 /DYNAMICBASE /NXCOMPAT /IMPLIB:"D:\education\raboti\Labi\OPI\HelloWorld\x64\Debug\lab3.lib" /MACHINE:X64 x64\Debug\lab3.obj
         lab3.vcxproj -> D:\education\raboti\Labi\OPI\HelloWorld\x64\Debug\lab3.exe
       FinalizeBuildStatus:
         Файл "x64\Debug\lab3.tlog\unsuccessfulbuild" удаляется.
         Обращение к "x64\Debug\lab3.tlog\lab3.lastbuildstate".
     1>Сборка проекта "D:\education\raboti\Labi\OPI\HelloWorld\lab3\lab3.vcxproj" завершена (целевые объекты Build).

Сборка успешно завершена.
    Предупреждений: 0
    Ошибок: 0

Прошло времени 00:00:00.85
