Сборка начата 15.09.2023 13:12:11.
Уровень детализации журнала: Normal.     1>Проект "D:\education\raboti\Labi\OPI\HelloWorld\laba02\laba02.vcxproj" в узле 2 (целевые объекты Rebuild).
     1>_PrepareForClean:
         Файл "x64\Debug\Lab02.tlog\Lab02.lastbuildstate" удаляется.
     1>C:\Program Files\Microsoft Visual Studio\2022\Community\MSBuild\Microsoft\VC\v170\Microsoft.CppBuild.targets(531,5): warning MSB8028: промежуточный каталог (x64\Debug\) содержит файлы, которые используются совместно с другим проектом (laba02.vcxproj).  Это может привести к ошибкам очистки и перестроения.
       InitializeBuildStatus:
         Создание "x64\Debug\Lab02.tlog\unsuccessfulbuild", так как было задано "AlwaysCreate".
         Обращение к "x64\Debug\Lab02.tlog\unsuccessfulbuild".
       ClCompile:
         C:\Program Files\Microsoft Visual Studio\2022\Community\VC\Tools\MSVC\14.37.32822\bin\HostX64\x64\CL.exe /c /ZI /JMC /nologo /W3 /WX- /diagnostics:column /sdl /Od /D _DEBUG /D _CONSOLE /D _UNICODE /D UNICODE /Gm- /EHsc /RTC1 /MDd /GS /fp:precise /Zc:wchar_t /Zc:forScope /Zc:inline /permissive- /Fo"x64\Debug\\" /Fd"x64\Debug\vc143.pdb" /external:W3 /Gd /TP /FC /errorReport:prompt lab2.cpp
         lab2.cpp
       Link:
         C:\Program Files\Microsoft Visual Studio\2022\Community\VC\Tools\MSVC\14.37.32822\bin\HostX64\x64\link.exe /ERRORREPORT:PROMPT /OUT:"D:\education\raboti\Labi\OPI\HelloWorld\x64\Debug\Lab02.exe" /INCREMENTAL /ILK:"x64\Debug\Lab02.ilk" /NOLOGO kernel32.lib user32.lib gdi32.lib winspool.lib comdlg32.lib advapi32.lib shell32.lib ole32.lib oleaut32.lib uuid.lib odbc32.lib odbccp32.lib /MANIFEST /MANIFESTUAC:"level='asInvoker' uiAccess='false'" /manifest:embed /DEBUG /PDB:"D:\education\raboti\Labi\OPI\HelloWorld\x64\Debug\Lab02.pdb" /SUBSYSTEM:CONSOLE /TLBID:1 /DYNAMICBASE /NXCOMPAT /IMPLIB:"D:\education\raboti\Labi\OPI\HelloWorld\x64\Debug\Lab02.lib" /MACHINE:X64 x64\Debug\lab2.obj
         laba02.vcxproj -> D:\education\raboti\Labi\OPI\HelloWorld\x64\Debug\Lab02.exe
       FinalizeBuildStatus:
         Файл "x64\Debug\Lab02.tlog\unsuccessfulbuild" удаляется.
         Обращение к "x64\Debug\Lab02.tlog\Lab02.lastbuildstate".
     1>Сборка проекта "D:\education\raboti\Labi\OPI\HelloWorld\laba02\laba02.vcxproj" завершена (целевые объекты Rebuild).

Сборка успешно завершена.

       "D:\education\raboti\Labi\OPI\HelloWorld\laba02\laba02.vcxproj" (целевой объект Rebuild ) (1) ->
       (Целевой объект PrepareForBuild) -> 
         C:\Program Files\Microsoft Visual Studio\2022\Community\MSBuild\Microsoft\VC\v170\Microsoft.CppBuild.targets(531,5): warning MSB8028: промежуточный каталог (x64\Debug\) содержит файлы, которые используются совместно с другим проектом (laba02.vcxproj).  Это может привести к ошибкам очистки и перестроения.

    Предупреждений: 1
    Ошибок: 0

Прошло времени 00:00:00.69
